¥Ñ¤W¶Ç±M®× "[8mha:////4Ny0PCwlu7gdHbnqZVZQeV8i0sx7nvZrIqOGnYHL+yaAAAAAsR+LCAAAAAAAAP9b85aBtbiIQTGjNKU4P08vOT+vOD8nVc83PyU1x6OyILUoJzMv2y+/JJUBAhiZGBgqihhk0NSjKDWzXb3RdlLBUSYGJk8GtpzUvPSSDB8G5tKinBIGIZ+sxLJE/ZzEvHT94JKizLx0a6BxUmjGOUNodHsLgAy1EgYD/az8JP3g5IzUlNKcVBSOc0ZqcnZ8cl5ydmpRXmpOfElRaV62PgDic6Mg5QAAAA==[0mSchedule/ScheduleCheck_cnckernel_trunk" ªº²Ä [8mha:////4CEjD3JM4H32RVaNB8zoVyctOYqABMPSY86JLnb62FjPAAAAtB+LCAAAAAAAAP9b85aBtbiIQTGjNKU4P08vOT+vOD8nVc83PyU1x6OyILUoJzMv2y+/JJUBAhiZGBgqihhk0NSjKDWzXb3RdlLBUSYGJk8GtpzUvPSSDB8G5tKinBIGIZ+sxLJE/ZzEvHT94JKizLx0a6BxUmjGOUNodHsLgAzmEgZj/az8JP3g5IzUlNKcVBSOc0ZqcnZ8cl5ydmpRXmpOfElRaV62vpmJOQCAxpO26AAAAA==[0m647 ¦¸«Ø¸m±Ò°Ê
­ì¦]¬°:
 ¥Ñ¤W¶Ç±M®× "[8mha:////4KHPaB+ykHQOi2WrzQYw4QjQAT5Tf24RtW38Say6e1ZNAAAAph+LCAAAAAAAAP9b85aBtbiIQTGjNKU4P08vOT+vOD8nVc83PyU1x6OyILUoJzMv2y+/JJUBAhiZGBgqihhk0NSjKDWzXb3RdlLBUSYGJk8GtpzUvPSSDB8G5tKinBIGIZ+sxLJE/ZzEvHT94JKizLx0a6BxUmjGOUNodHsLgAzpEgZV/az8JP3g5IzUlNKcVBSOc0ZqcnZ8QWZBqj4AT5Vso9oAAAA=[0mSchedule/ScheduleCheck_pipe" ªº²Ä [8mha:////4MtGReRTziF+t6XnH3EyIPJ5G24fiAIkY0oLGz/xHFqsAAAAqR+LCAAAAAAAAP9b85aBtbiIQTGjNKU4P08vOT+vOD8nVc83PyU1x6OyILUoJzMv2y+/JJUBAhiZGBgqihhk0NSjKDWzXb3RdlLBUSYGJk8GtpzUvPSSDB8G5tKinBIGIZ+sxLJE/ZzEvHT94JKizLx0a6BxUmjGOUNodHsLgAzmEgYN/az8JP3g5IzUlNKcVBSOc0ZqcnZ8QWZBqr6ZmSUAJsu5rN0AAAA=[0m669 ¦¸«Ø¸m±Ò°Ê
 ­ì¦]¬°:
  ¥Ñ­p®É¾¹±Ò°Ê
[EnvInject] - Loading node environment variables.
¦b Master ¤W«Ø¸m ¤u§@°Ï C:\Jenkins\jobs\Schedule\jobs\ScheduleCheck_apikernel_trunk\workspace
Run condition [Always] enabling prebuild for step [Trigger/call builds on other projects]
Run condition [Strings match] enabling prebuild for step [Set the build result]
Run condition [Strings match] enabling prebuild for step [Set the build result]
Run condition [Strings match] enabling prebuild for step [Set the build result]
Run condition [Always] enabling perform for step [Trigger/call builds on other projects]
Waiting for the completion of [8mha:////4OhTGa/AI+vC52W9e3efR2BJgtpyI2+ozdZwzV8vCkJ3AAAAlh+LCAAAAAAAAP9b85aBtbiIQSajNKU4P08vOT+vOD8nVc+jsiC1KCczL9svvyTVzHb1RttJBUeZGJg8GdhyUvPSSzJ8GJhLi3JKGIR8shLLEvVzEvPS9YNLijLz0q0rihik0IxzhtAgwxgggJGJgaGiAMiQLmFQ0M/KT9IPTs5ITSnNSUXhBCQWJebqAwAYV1qxpQAAAA==[0mSchedule ? ScheduleParamJob
[8mha:////4LDi3BcxscbtZ3A9hCSL+sdoPfFscDIeCNqZjIjqfcIJAAAAmx+LCAAAAAAAAP9b85aBtbiIQSajNKU4P08vOT+vOD8nVc+jsiC1KCczL9svvyTVzHb1RttJBUeZGJg8GdhyUvPSSzJ8GJhLi3JKGIR8shLLEvVzEvPS9YNLijLz0q0rihik0IxzhtAgwxgggJGJgaGiAMiwKGFQ1c/KT9IPTs5ITSnNSUXhBCQWJebqm5tZGOgDAIiToESqAAAA[0mSchedule ? ScheduleParamJob #7680 trunk API [2019-04-26] completed. Result was FAILURE
Build step 'Conditional step (single)' changed build result to UNSTABLE
Strings match run condition: string 1=[FAILURE], string 2=[SUCCESS]
Run condition [Strings match] preventing perform for step [Set the build result]
Strings match run condition: string 1=[FAILURE], string 2=[ABORTED]
Run condition [Strings match] preventing perform for step [Set the build result]
Strings match run condition: string 1=[FAILURE], string 2=[FAILURE]
Run condition [Strings match] enabling perform for step [Set the build result]
Setting result to [¥¢±Ñ]
Build step 'Conditional step (single)' changed build result to FAILURE
Build step 'Conditional step (single)' marked build as failure
Sending e-mails to: wppqqppq@gmail.com swdjojo@gmail.com chieh-hao.chang@syntecclub.com.tw Young@syntecclub.com.tw
Started calculate disk usage of build
Finished Calculation of disk usage of build in 0 seconds
Started calculate disk usage of workspace
Finished Calculation of disk usage of workspace in 0 seconds
Warning: you have no plugins providing access control for builds, so falling back to legacy behavior of permitting any downstream builds to be triggered
Ä²µo [8mha:////4P1Hi/KNqv2EXMNIU0q46IyIRvKyXPBfL+QYyh7i4ZLcAAAAsR+LCAAAAAAAAP9b85aBtbiIQTGjNKU4P08vOT+vOD8nVc83PyU1x6OyILUoJzMv2y+/JJUBAhiZGBgqihhk0NSjKDWzXb3RdlLBUSYGJk8GtpzUvPSSDB8G5tKinBIGIZ+sxLJE/ZzEvHT94JKizLx0a6BxUmjGOUNodHsLgAyNEgYD/az8JP3g5IzUlNKcVBSOc0ZqcnZ8YkFBdmpRXmpOfElRaV62PgCJKp9D5QAAAA==[0mSchedule ? ScheduleCheck_appkernel_trunk ªº·s«Ø¸m
Finished: FAILURE
