------ Rebuild All started: Project: Utility, Configuration: Release WEC7 (ARMv4I) ------
Deleting intermediate and output files for project 'Utility', configuration 'Release|WEC7 (ARMv4I)'
Compiling...
StdAfx.cpp
 WINVER not defined. Defaulting to 0x0400, which is appropriate for all supported Windows CE versions
Compiling...
JDevice.cpp
JVector.cpp
JTime.cpp
JSystem.cpp
JFile.cpp
Generating Code...
Creating library...
Build log was saved at "file://d:\Jenkins\workspace\CNC_10.118.12\OCTest\Source\Utility\WCE700ARM_Release\BuildLog.htm"
Utility - 0 error(s), 0 warning(s)
------ Rebuild All started: Project: Operation, Configuration: Release WEC7 (ARMv4I) ------
Deleting intermediate and output files for project 'Operation', configuration 'Release|WEC7 (ARMv4I)'
Compiling...
StdAfx.cpp
 WINVER not defined. Defaulting to 0x0400, which is appropriate for all supported Windows CE versions
Compiling...
ATLogger.cpp
LOG.cpp
KinematicLogger.cpp
DriverLogger.cpp
BPT.cpp
Generating Code...
Creating library...
Build log was saved at "file://d:\Jenkins\workspace\CNC_10.118.12\OCTest\Source\Operation\WCE700ARM_Release\BuildLog.htm"
Operation - 0 error(s), 0 warning(s)
------ Rebuild All started: Project: OCTest, Configuration: Release WEC7 (ARMv4I) ------
Deleting intermediate and output files for project 'OCTest', configuration 'Release|WEC7 (ARMv4I)'
Compiling...
StdAfx.cpp
 WINVER not defined. Defaulting to 0x0400, which is appropriate for all supported Windows CE versions
Compiling...
OCTest.cpp
TestManager.cpp
Generating Code...
Linking...
   Creating library WCE700ARM_Release\OCTest.lib and object WCE700ARM_Release\OCTest.exp
TestManager.obj : error LNK2001: unresolved external symbol "__declspec(dllimport) long * NcStateTable" (__imp_?NcStateTable@@3PAJA)
WCE700ARM_Release\OCTest.dll : fatal error LNK1120: 1 unresolved externals
Build log was saved at "file://d:\Jenkins\workspace\CNC_10.118.12\OCTest\Source\OCTest\WCE700ARM_Release\BuildLog.htm"
OCTest - 2 error(s), 0 warning(s)
========== Rebuild All: 2 succeeded, 1 failed, 0 skipped ==========

