------ Rebuild All started: Project: Utility, Configuration: Release Win32 ------
Deleting intermediate and output files for project 'Utility', configuration 'Release|Win32'
Compiling...
StdAfx.cpp
 WINVER not defined. Defaulting to 0x0502 (Windows Server 2003)
Compiling...
_UNCC.cpp
.\_UNCC.cpp(106) : warning C4244: '=' : conversion from 'unsigned long' to 'UTF8', possible loss of data
.\_UNCC.cpp(107) : warning C4244: '=' : conversion from 'unsigned long' to 'UTF8', possible loss of data
.\_UNCC.cpp(108) : warning C4244: '=' : conversion from 'unsigned long' to 'UTF8', possible loss of data
.\_UNCC.cpp(109) : warning C4244: '=' : conversion from 'unsigned long' to 'UTF8', possible loss of data
.\_UNCC.cpp(110) : warning C4244: '=' : conversion from 'unsigned long' to 'UTF8', possible loss of data
.\_UNCC.cpp(111) : warning C4244: '=' : conversion from 'UCS4' to 'UTF8', possible loss of data
.\_UNCC.cpp(147) : warning C4244: '=' : conversion from 'UCS4' to 'UTF16', possible loss of data
.\_UNCC.cpp(155) : warning C4244: '=' : conversion from 'unsigned long' to 'UTF16', possible loss of data
.\_UNCC.cpp(156) : warning C4244: '=' : conversion from 'unsigned long' to 'UTF16', possible loss of data
ZRtl.cpp
ZMath.cpp
ZipArch.cpp
ZCRC32.cpp
x86Platform.cpp
.\x86Platform.cpp(6) : fatal error C1083: Cannot open include file: 'PlatformDrv.h': No such file or directory
VStack.cpp
Vector4d.cpp
Vector3d.cpp
Vector2d.cpp
VArray.cpp
Variant.cpp
Unzip.cpp
TZPlex.cpp
Tuple4d.cpp
Tuple3d.cpp
Tuple2d.cpp
Test_HugeFileEditor.cpp
StringConverter.cpp
Stream.cpp
Generating Code...
Compiling...
Stack.cpp
Sphere.cpp
SmallFileEditor.cpp
ShapeData.cpp
SetupPacking.cpp
QuickMatrixN.cpp
Quaternion.cpp
PropertyBag.cpp
PolynomialRootSolver.cpp
Point3d.cpp
Point2d.cpp
Platform.cpp
.\Platform.cpp(3) : fatal error C1083: Cannot open include file: 'PlatformDrv.h': No such file or directory
PID.cpp
ParamStore.cpp
ParamCracker.cpp
PalStdLib.cpp
OcStreamReader.cpp
OcFileReader.cpp
OcDesFileReader.cpp
NumericalRecipes.cpp
Generating Code...
Compiling...
NumberBag.cpp
MiddleVoteFilter.cpp
MatrixN.cpp
Matrix4d.cpp
Matrix3d.cpp
Matrix2d.cpp
LinkedListPool.cpp
LinePage.cpp
LineMap.cpp
LANAdapterInfo.cpp
KStringMap.cpp
JXmlTextWriter.cpp
JXmlTextReader.cpp
JReplication.cpp
JRectLayout.cpp
JFileInfo.cpp
JCycleValue.cpp
JCycleSchemaPool.cpp
JCycleSchema.cpp
JCycleDocument.cpp
Generating Code...
Compiling...
JAllocateOnlyHeap.cpp
IntervalChecker.cpp
Internet.cpp
IntegerQueue.cpp
IniRegManager.cpp
IniReg.cpp
HugeFileSharedEditor.cpp
HugeFileReader.cpp
HugeFileEditor.cpp
HighPerformanceTimer.cpp
GVector.cpp
GuardStore.cpp
GuardRegistry.cpp
GMatrix.cpp
Geometry2d.cpp
FramStore.cpp
Frame3d.cpp
FRAM_Parallel.cpp
FileDirInfo.cpp
FIFOQueue.cpp
Generating Code...
Compiling...
EventCPBase.cpp
DocStoreAPI.cpp
DNCChannel.cpp
DeviceInfoManager.cpp
DeviceInfo.cpp
DESObj.cpp
Cylinder.cpp
Complex.cpp
CommPort.cpp
CharQueue.cpp
ByteOrder.cpp
Box.cpp
BitSet.cpp
BitFilter.cpp
BinFileLoader.cpp
AxisDimension.cpp
AxisAngle4d.cpp
AxFrame.cpp
AsynQueue.cpp
Argument.cpp
Generating Code...
Compiling...
ArchMgr.cpp
AlarmFlags.cpp
AlarmCode.cpp
Generating Code...
Creating browse information file...
Microsoft Browse Information Maintenance Utility Version 8.00.50727
Copyright (C) Microsoft Corporation. All rights reserved.
BSCMAKE: error BK1506 : cannot open file '.\Release\Platform.sbr': No such file or directory
Build log was saved at "file://d:\OpenCNC\Schedule\rel_v10_118_12\OCKrnl\Source\Utility\Release\BuildLog.htm"
Utility - 3 error(s), 9 warning(s)
------ Rebuild All started: Project: UtilityTest, Configuration: Release Win32 ------
Deleting intermediate and output files for project 'UtilityTest', configuration 'Release|Win32'
Compiling...
LinkedListPoolTest.cpp
 WINVER not defined. Defaulting to 0x0502 (Windows Server 2003)
StdAfx.cpp
Compiling...
ZMathTest.cpp
Vector4dTest.cpp
Vector3dTest.cpp
Vector2dTest.cpp
UtilityTest.cpp
Tuple4dTest.cpp
Tuple3dTest.cpp
Tuple2dTest.cpp
QuaternionTest.cpp
PolynomialRootSolverTest.cpp
MatrixNTest.cpp
Matrix4dTest.cpp
Matrix3dTest.cpp
Matrix2dTest.cpp
ComplexTest.cpp
Generating Code...
Compiling...
TestingUtility.cpp
Linking...
LINK : fatal error LNK1181: cannot open input file 'SecurityUtil.lib'
Build log was saved at "file://d:\OpenCNC\Schedule\rel_v10_118_12\OCKrnl\Source\GMock\UtilityTest\Release\BuildLog.htm"
UtilityTest - 1 error(s), 0 warning(s)
========== Rebuild All: 0 succeeded, 2 failed, 0 skipped ==========

